2021-11-23 10:46:09 [main] =Starting TicketProjectApplication using Java 16.0.2 on WSPL-0121 with PID 11300 (C:\Users\USER\Documents\workspace-spring-tool-suite-4-4.12.0.RELEASE\ticketProject\target\classes started by WSPL-0121 in C:\Users\USER\Documents\workspace-spring-tool-suite-4-4.12.0.RELEASE\ticketProject) ==>[logStarting][com.example.ticketProject.TicketProjectApplication]
2021-11-23 10:46:09 [main] =No active profile set, falling back to default profiles: default ==>[logStartupProfileInfo][com.example.ticketProject.TicketProjectApplication]
2021-11-23 10:46:10 [main] =Bootstrapping Spring Data JPA repositories in DEFAULT mode. ==>[registerRepositoriesIn][org.springframework.data.repository.config.RepositoryConfigurationDelegate]
2021-11-23 10:46:10 [main] =Finished Spring Data repository scanning in 43 ms. Found 2 JPA repository interfaces. ==>[registerRepositoriesIn][org.springframework.data.repository.config.RepositoryConfigurationDelegate]
2021-11-23 10:46:11 [main] =Tomcat initialized with port(s): 8080 (http) ==>[initialize][org.springframework.boot.web.embedded.tomcat.TomcatWebServer]
2021-11-23 10:46:11 [main] =Starting service [Tomcat] ==>[log][org.apache.catalina.core.StandardService]
2021-11-23 10:46:11 [main] =Starting Servlet engine: [Apache Tomcat/9.0.55] ==>[log][org.apache.catalina.core.StandardEngine]
2021-11-23 10:46:11 [main] =Initializing Spring embedded WebApplicationContext ==>[log][org.apache.catalina.core.ContainerBase.[Tomcat].[localhost].[/]]
2021-11-23 10:46:11 [main] =Root WebApplicationContext: initialization completed in 1176 ms ==>[prepareWebApplicationContext][org.springframework.boot.web.servlet.context.ServletWebServerApplicationContext]
2021-11-23 10:46:11 [main] =HikariPool-1 - Starting... ==>[getConnection][com.zaxxer.hikari.HikariDataSource]
2021-11-23 10:46:12 [main] =HikariPool-1 - Start completed. ==>[getConnection][com.zaxxer.hikari.HikariDataSource]
2021-11-23 10:46:12 [main] =Initialized JPA EntityManagerFactory for persistence unit 'default' ==>[buildNativeEntityManagerFactory][org.springframework.orm.jpa.LocalContainerEntityManagerFactoryBean]
2021-11-23 10:46:13 [main] =spring.jpa.open-in-view is enabled by default. Therefore, database queries may be performed during view rendering. Explicitly configure spring.jpa.open-in-view to disable this warning ==>[openEntityManagerInViewInterceptor][org.springframework.boot.autoconfigure.orm.jpa.JpaBaseConfiguration$JpaWebConfiguration]
2021-11-23 10:46:13 [main] =Tomcat started on port(s): 8080 (http) with context path '' ==>[start][org.springframework.boot.web.embedded.tomcat.TomcatWebServer]
2021-11-23 10:46:13 [main] =Started TicketProjectApplication in 3.947 seconds (JVM running for 4.608) ==>[logStarted][com.example.ticketProject.TicketProjectApplication]
2021-11-23 10:46:17 [RMI TCP Connection(2)-127.0.0.1] =Application shutdown requested. ==>[shutdown][org.springframework.boot.admin.SpringApplicationAdminMXBeanRegistrar$SpringApplicationAdmin]
2021-11-23 10:46:17 [RMI TCP Connection(2)-127.0.0.1] =Closing JPA EntityManagerFactory for persistence unit 'default' ==>[destroy][org.springframework.orm.jpa.LocalContainerEntityManagerFactoryBean]
2021-11-23 10:46:17 [RMI TCP Connection(2)-127.0.0.1] =HikariPool-1 - Shutdown initiated... ==>[close][com.zaxxer.hikari.HikariDataSource]
2021-11-23 10:46:17 [RMI TCP Connection(2)-127.0.0.1] =HikariPool-1 - Shutdown completed. ==>[close][com.zaxxer.hikari.HikariDataSource]
2021-11-23 10:47:38 [main] =Starting TicketProjectApplication using Java 16.0.2 on WSPL-0121 with PID 12568 (C:\Users\USER\Documents\workspace-spring-tool-suite-4-4.12.0.RELEASE\ticketProject\target\classes started by WSPL-0121 in C:\Users\USER\Documents\workspace-spring-tool-suite-4-4.12.0.RELEASE\ticketProject) ==>[logStarting][com.example.ticketProject.TicketProjectApplication]
2021-11-23 10:47:38 [main] =No active profile set, falling back to default profiles: default ==>[logStartupProfileInfo][com.example.ticketProject.TicketProjectApplication]
2021-11-23 10:47:38 [main] =Bootstrapping Spring Data JPA repositories in DEFAULT mode. ==>[registerRepositoriesIn][org.springframework.data.repository.config.RepositoryConfigurationDelegate]
2021-11-23 10:47:38 [main] =Finished Spring Data repository scanning in 48 ms. Found 2 JPA repository interfaces. ==>[registerRepositoriesIn][org.springframework.data.repository.config.RepositoryConfigurationDelegate]
2021-11-23 10:47:39 [main] =Tomcat initialized with port(s): 8080 (http) ==>[initialize][org.springframework.boot.web.embedded.tomcat.TomcatWebServer]
2021-11-23 10:47:39 [main] =Starting service [Tomcat] ==>[log][org.apache.catalina.core.StandardService]
2021-11-23 10:47:39 [main] =Starting Servlet engine: [Apache Tomcat/9.0.55] ==>[log][org.apache.catalina.core.StandardEngine]
2021-11-23 10:47:39 [main] =Initializing Spring embedded WebApplicationContext ==>[log][org.apache.catalina.core.ContainerBase.[Tomcat].[localhost].[/]]
2021-11-23 10:47:39 [main] =Root WebApplicationContext: initialization completed in 1146 ms ==>[prepareWebApplicationContext][org.springframework.boot.web.servlet.context.ServletWebServerApplicationContext]
2021-11-23 10:47:39 [main] =HikariPool-1 - Starting... ==>[getConnection][com.zaxxer.hikari.HikariDataSource]
2021-11-23 10:47:40 [main] =HikariPool-1 - Start completed. ==>[getConnection][com.zaxxer.hikari.HikariDataSource]
2021-11-23 10:47:40 [main] =Initialized JPA EntityManagerFactory for persistence unit 'default' ==>[buildNativeEntityManagerFactory][org.springframework.orm.jpa.LocalContainerEntityManagerFactoryBean]
2021-11-23 10:47:41 [main] =spring.jpa.open-in-view is enabled by default. Therefore, database queries may be performed during view rendering. Explicitly configure spring.jpa.open-in-view to disable this warning ==>[openEntityManagerInViewInterceptor][org.springframework.boot.autoconfigure.orm.jpa.JpaBaseConfiguration$JpaWebConfiguration]
2021-11-23 10:47:41 [main] =Tomcat started on port(s): 8080 (http) with context path '' ==>[start][org.springframework.boot.web.embedded.tomcat.TomcatWebServer]
2021-11-23 10:47:41 [main] =Started TicketProjectApplication in 3.544 seconds (JVM running for 4.257) ==>[logStarted][com.example.ticketProject.TicketProjectApplication]
2021-11-23 10:48:00 [http-nio-8080-exec-1] =Initializing Spring DispatcherServlet 'dispatcherServlet' ==>[log][org.apache.catalina.core.ContainerBase.[Tomcat].[localhost].[/]]
2021-11-23 10:48:00 [http-nio-8080-exec-1] =Initializing Servlet 'dispatcherServlet' ==>[initServletBean][org.springframework.web.servlet.DispatcherServlet]
2021-11-23 10:48:00 [http-nio-8080-exec-1] =Completed initialization in 1 ms ==>[initServletBean][org.springframework.web.servlet.DispatcherServlet]
2021-11-23 10:48:41 [http-nio-8080-exec-2] =Resolved [org.springframework.web.HttpRequestMethodNotSupportedException: Request method 'POST' not supported] ==>[logException][org.springframework.web.servlet.mvc.support.DefaultHandlerExceptionResolver]
2021-11-23 10:49:20 [http-nio-8080-exec-3] =find All[UserEntity(userId=1, holderName=Sadiya, age=18, dob=May, gender=Female, email=sadiya@wolkensoftware.com, currentAddress=Sadashivnagar Layout, permanentAddress=Sadashivnagar Layout, country=India, state=Maharashtra, city=vijii, postalCode=573201, ticket=[]), UserEntity(userId=2, holderName=Sadiya, age=18, dob=May, gender=Female, email=sadiya@wolkensoftware.com, currentAddress=Sadashivnagar Layout, permanentAddress=Sadashivnagar Layout, country=India, state=Maharashtra, city=vijii, postalCode=573201, ticket=[])] ==>[getAllTickets][com.example.ticketProject.service.UserServiceImpl]
2021-11-23 10:49:20 [http-nio-8080-exec-3] =[] ==>[getAllTickets][com.example.ticketProject.service.UserServiceImpl]
2021-11-23 10:49:20 [http-nio-8080-exec-3] =Mapping[UserDTO(holderName=Sadiya, age=18, dob=May, gender=Female, email=sadiya@wolkensoftware.com, currentAddress=Sadashivnagar Layout, permanentAddress=Sadashivnagar Layout, country=India, state=Maharashtra, city=vijii, postalCode=573201, ticket=[])] ==>[getAllTickets][com.example.ticketProject.service.UserServiceImpl]
2021-11-23 10:49:20 [http-nio-8080-exec-3] =[UserDTO(holderName=Sadiya, age=18, dob=May, gender=Female, email=sadiya@wolkensoftware.com, currentAddress=Sadashivnagar Layout, permanentAddress=Sadashivnagar Layout, country=India, state=Maharashtra, city=vijii, postalCode=573201, ticket=[])] ==>[getAllTickets][com.example.ticketProject.service.UserServiceImpl]
2021-11-23 10:49:20 [http-nio-8080-exec-3] =Mapping[UserDTO(holderName=Sadiya, age=18, dob=May, gender=Female, email=sadiya@wolkensoftware.com, currentAddress=Sadashivnagar Layout, permanentAddress=Sadashivnagar Layout, country=India, state=Maharashtra, city=vijii, postalCode=573201, ticket=[]), UserDTO(holderName=Sadiya, age=18, dob=May, gender=Female, email=sadiya@wolkensoftware.com, currentAddress=Sadashivnagar Layout, permanentAddress=Sadashivnagar Layout, country=India, state=Maharashtra, city=vijii, postalCode=573201, ticket=[])] ==>[getAllTickets][com.example.ticketProject.service.UserServiceImpl]
2021-11-23 10:50:27 [RMI TCP Connection(6)-127.0.0.1] =Application shutdown requested. ==>[shutdown][org.springframework.boot.admin.SpringApplicationAdminMXBeanRegistrar$SpringApplicationAdmin]
2021-11-23 10:50:27 [RMI TCP Connection(6)-127.0.0.1] =Closing JPA EntityManagerFactory for persistence unit 'default' ==>[destroy][org.springframework.orm.jpa.LocalContainerEntityManagerFactoryBean]
2021-11-23 10:50:27 [RMI TCP Connection(6)-127.0.0.1] =HikariPool-1 - Shutdown initiated... ==>[close][com.zaxxer.hikari.HikariDataSource]
2021-11-23 10:50:27 [RMI TCP Connection(6)-127.0.0.1] =HikariPool-1 - Shutdown completed. ==>[close][com.zaxxer.hikari.HikariDataSource]
2021-11-23 10:55:51 [main] =Starting TicketProjectApplication using Java 16.0.2 on WSPL-0121 with PID 4036 (C:\Users\USER\Documents\workspace-spring-tool-suite-4-4.12.0.RELEASE\ticketProject\target\classes started by WSPL-0121 in C:\Users\USER\Documents\workspace-spring-tool-suite-4-4.12.0.RELEASE\ticketProject) ==>[logStarting][com.example.ticketProject.TicketProjectApplication]
2021-11-23 10:55:51 [main] =No active profile set, falling back to default profiles: default ==>[logStartupProfileInfo][com.example.ticketProject.TicketProjectApplication]
2021-11-23 10:55:51 [main] =Bootstrapping Spring Data JPA repositories in DEFAULT mode. ==>[registerRepositoriesIn][org.springframework.data.repository.config.RepositoryConfigurationDelegate]
2021-11-23 10:55:51 [main] =Finished Spring Data repository scanning in 43 ms. Found 2 JPA repository interfaces. ==>[registerRepositoriesIn][org.springframework.data.repository.config.RepositoryConfigurationDelegate]
2021-11-23 10:55:52 [main] =Tomcat initialized with port(s): 8080 (http) ==>[initialize][org.springframework.boot.web.embedded.tomcat.TomcatWebServer]
2021-11-23 10:55:52 [main] =Starting service [Tomcat] ==>[log][org.apache.catalina.core.StandardService]
2021-11-23 10:55:52 [main] =Starting Servlet engine: [Apache Tomcat/9.0.55] ==>[log][org.apache.catalina.core.StandardEngine]
2021-11-23 10:55:52 [main] =Initializing Spring embedded WebApplicationContext ==>[log][org.apache.catalina.core.ContainerBase.[Tomcat].[localhost].[/]]
2021-11-23 10:55:52 [main] =Root WebApplicationContext: initialization completed in 1068 ms ==>[prepareWebApplicationContext][org.springframework.boot.web.servlet.context.ServletWebServerApplicationContext]
2021-11-23 10:55:52 [main] =HikariPool-1 - Starting... ==>[getConnection][com.zaxxer.hikari.HikariDataSource]
2021-11-23 10:55:52 [main] =HikariPool-1 - Start completed. ==>[getConnection][com.zaxxer.hikari.HikariDataSource]
2021-11-23 10:55:53 [main] =Initialized JPA EntityManagerFactory for persistence unit 'default' ==>[buildNativeEntityManagerFactory][org.springframework.orm.jpa.LocalContainerEntityManagerFactoryBean]
2021-11-23 10:55:53 [main] =spring.jpa.open-in-view is enabled by default. Therefore, database queries may be performed during view rendering. Explicitly configure spring.jpa.open-in-view to disable this warning ==>[openEntityManagerInViewInterceptor][org.springframework.boot.autoconfigure.orm.jpa.JpaBaseConfiguration$JpaWebConfiguration]
2021-11-23 10:55:54 [main] =Tomcat started on port(s): 8080 (http) with context path '' ==>[start][org.springframework.boot.web.embedded.tomcat.TomcatWebServer]
2021-11-23 10:55:54 [main] =Started TicketProjectApplication in 3.363 seconds (JVM running for 4.028) ==>[logStarted][com.example.ticketProject.TicketProjectApplication]
